<?xml version="1.0" encoding="UTF-8" ?>
<testsuite tests="10" failures="0" name="com.google.devrel.training.conference.spi.ConferenceApiGlobalQueryTest" time="0.566" errors="0" skipped="0">
  <properties>
    <property name="java.runtime.name" value="Java(TM) SE Runtime Environment"/>
    <property name="sun.boot.library.path" value="C:\Program Files\Java\jdk1.8.0_45\jre\bin"/>
    <property name="java.vm.version" value="25.45-b02"/>
    <property name="java.vm.vendor" value="Oracle Corporation"/>
    <property name="java.vendor.url" value="http://java.oracle.com/"/>
    <property name="path.separator" value=";"/>
    <property name="guice.disable.misplaced.annotation.check" value="true"/>
    <property name="java.vm.name" value="Java HotSpot(TM) 64-Bit Server VM"/>
    <property name="file.encoding.pkg" value="sun.io"/>
    <property name="user.script" value=""/>
    <property name="user.country" value="ES"/>
    <property name="sun.java.launcher" value="SUN_STANDARD"/>
    <property name="sun.os.patch.level" value=""/>
    <property name="java.vm.specification.name" value="Java Virtual Machine Specification"/>
    <property name="user.dir" value="C:\documentos\proyectos\udacity escalables hit\proyecto final\codigo\Conference Central"/>
    <property name="java.runtime.version" value="1.8.0_45-b15"/>
    <property name="java.awt.graphicsenv" value="sun.awt.Win32GraphicsEnvironment"/>
    <property name="java.endorsed.dirs" value="C:\Program Files\Java\jdk1.8.0_45\jre\lib\endorsed"/>
    <property name="os.arch" value="amd64"/>
    <property name="java.io.tmpdir" value="C:\Users\josue\AppData\Local\Temp\"/>
    <property name="line.separator" value="
"/>
    <property name="java.vm.specification.vendor" value="Oracle Corporation"/>
    <property name="user.variant" value=""/>
    <property name="os.name" value="Windows 8.1"/>
    <property name="classworlds.conf" value="C:\apache-maven-3.2.3\bin\m2.conf"/>
    <property name="sun.jnu.encoding" value="Cp1252"/>
    <property name="java.library.path" value="C:\Program Files\Java\jdk1.8.0_45\bin;C:\WINDOWS\Sun\Java\bin;C:\WINDOWS\system32;C:\WINDOWS;C:\ProgramData\Oracle\Java\javapath;C:\WINDOWS\system32;C:\WINDOWS;C:\WINDOWS\System32\Wbem;C:\WINDOWS\System32\WindowsPowerShell\v1.0\;C:\Program Files\OpenVPN\bin;C:\Program Files\doxygen\bin;C:\Program Files (x86)\ATI Technologies\ATI.ACE\Core-Static;C:\Program Files\Java\jre6\bin;C:\Program Files\TortoiseSVN\bin;C:\apache-maven-3.2.3\bin;C:\programas\db-derby-10.10.1.1-bin\bin;C:\glassfish3\bin;C:\Program Files (x86)\MySQL\MySQL Utilities 1.3.6\;C:\gradle\bin;C:\Program Files (x86)\Android\android-studio1\sdk\platform-tools;C:\Program Files\nodejs\;C:\Modeltech_pe_edu_10.2a\win32pe_edu;C:\Users\josue\AppData\Roaming\npm;."/>
    <property name="java.specification.name" value="Java Platform API Specification"/>
    <property name="java.class.version" value="52.0"/>
    <property name="sun.management.compiler" value="HotSpot 64-Bit Tiered Compilers"/>
    <property name="os.version" value="6.3"/>
    <property name="user.home" value="C:\Users\josue"/>
    <property name="user.timezone" value="Europe/Paris"/>
    <property name="java.awt.printerjob" value="sun.awt.windows.WPrinterJob"/>
    <property name="java.specification.version" value="1.8"/>
    <property name="file.encoding" value="Cp1252"/>
    <property name="user.name" value="josue"/>
    <property name="java.class.path" value="C:\apache-maven-3.2.3\boot\plexus-classworlds-2.5.1.jar"/>
    <property name="java.vm.specification.version" value="1.8"/>
    <property name="sun.arch.data.model" value="64"/>
    <property name="java.home" value="C:\Program Files\Java\jdk1.8.0_45\jre"/>
    <property name="sun.java.command" value="org.codehaus.plexus.classworlds.launcher.Launcher appengine:devserver"/>
    <property name="java.specification.vendor" value="Oracle Corporation"/>
    <property name="user.language" value="es"/>
    <property name="awt.toolkit" value="sun.awt.windows.WToolkit"/>
    <property name="java.vm.info" value="mixed mode"/>
    <property name="java.version" value="1.8.0_45"/>
    <property name="java.ext.dirs" value="C:\Program Files\Java\jdk1.8.0_45\jre\lib\ext;C:\WINDOWS\Sun\Java\lib\ext"/>
    <property name="sun.boot.class.path" value="C:\Program Files\Java\jdk1.8.0_45\jre\lib\resources.jar;C:\Program Files\Java\jdk1.8.0_45\jre\lib\rt.jar;C:\Program Files\Java\jdk1.8.0_45\jre\lib\sunrsasign.jar;C:\Program Files\Java\jdk1.8.0_45\jre\lib\jsse.jar;C:\Program Files\Java\jdk1.8.0_45\jre\lib\jce.jar;C:\Program Files\Java\jdk1.8.0_45\jre\lib\charsets.jar;C:\Program Files\Java\jdk1.8.0_45\jre\lib\jfr.jar;C:\Program Files\Java\jdk1.8.0_45\jre\classes"/>
    <property name="sun.stderr.encoding" value="cp850"/>
    <property name="java.vendor" value="Oracle Corporation"/>
    <property name="maven.home" value="C:\apache-maven-3.2.3"/>
    <property name="file.separator" value="\"/>
    <property name="java.vendor.url.bug" value="http://bugreport.sun.com/bugreport/"/>
    <property name="sun.cpu.endian" value="little"/>
    <property name="sun.io.unicode.encoding" value="UnicodeLittle"/>
    <property name="sun.stdout.encoding" value="cp850"/>
    <property name="sun.desktop" value="windows"/>
    <property name="sun.cpu.isalist" value="amd64"/>
  </properties>
  <testcase classname="com.google.devrel.training.conference.spi.ConferenceApiGlobalQueryTest" name="testEmptyQuery" time="0.14"/>
  <testcase classname="com.google.devrel.training.conference.spi.ConferenceApiGlobalQueryTest" name="testCityQuery" time="0.089"/>
  <testcase classname="com.google.devrel.training.conference.spi.ConferenceApiGlobalQueryTest" name="testMaxAttendeesGT" time="0.043"/>
  <testcase classname="com.google.devrel.training.conference.spi.ConferenceApiGlobalQueryTest" name="testMaxAttendeesLT" time="0.04"/>
  <testcase classname="com.google.devrel.training.conference.spi.ConferenceApiGlobalQueryTest" name="testMaxAttendeesNE" time="0.062"/>
  <testcase classname="com.google.devrel.training.conference.spi.ConferenceApiGlobalQueryTest" name="testTopicsQuery" time="0.03"/>
  <testcase classname="com.google.devrel.training.conference.spi.ConferenceApiGlobalQueryTest" name="testMultipleInequalityFilter" time="0.038"/>
  <testcase classname="com.google.devrel.training.conference.spi.ConferenceApiGlobalQueryTest" name="testComplexQuery" time="0.049"/>
  <testcase classname="com.google.devrel.training.conference.spi.ConferenceApiGlobalQueryTest" name="testMaxAttendeesGTEQ" time="0.035"/>
  <testcase classname="com.google.devrel.training.conference.spi.ConferenceApiGlobalQueryTest" name="testMaxAttendeesLTEQ" time="0.04"/>
</testsuite>